Using pre-set license
Built from '2020.3/staging' branch; Version is '2020.3.33f1 (915a7af8b0d5) revision 9525882'; Using compiler version '192528614'; Build Type 'Release'
OS: 'Windows 10  (10.0.19043) 64bit Professional' Language: 'en' Physical Memory: 16303 MB
BatchMode: 1, IsHumanControllingUs: 0, StartBugReporterOnCrash: 0, Is64bit: 1, IsPro: 0

COMMAND LINE ARGUMENTS:
C:\Program Files\Unity\Hub\Editor\2020.3.33f1\Editor\Unity.exe
-adb2
-batchMode
-noUpm
-name
AssetImportWorker0
-projectPath
D:/URJC/TERCER0/2º CUATRIMESTRE/Animacion3D/Cloth-Behaviour-Simulation/ClothPhysics
-logFile
Logs/AssetImportWorker0.log
-srvPort
64962
Successfully changed project path to: D:/URJC/TERCER0/2º CUATRIMESTRE/Animacion3D/Cloth-Behaviour-Simulation/ClothPhysics
D:/URJC/TERCER0/2º CUATRIMESTRE/Animacion3D/Cloth-Behaviour-Simulation/ClothPhysics
Using Asset Import Pipeline V2.
Refreshing native plugins compatible for Editor in 23.41 ms, found 2 plugins.
Preloading 0 native plugins for Editor in 0.00 ms.
Initialize engine version: 2020.3.33f1 (915a7af8b0d5)
[Subsystems] Discovering subsystems at path C:/Program Files/Unity/Hub/Editor/2020.3.33f1/Editor/Data/Resources/UnitySubsystems
[Subsystems] Discovering subsystems at path D:/URJC/TERCER0/2º CUATRIMESTRE/Animacion3D/Cloth-Behaviour-Simulation/ClothPhysics/Assets
GfxDevice: creating device client; threaded=0
Direct3D:
    Version:  Direct3D 11.0 [level 11.1]
    Renderer: NVIDIA GeForce RTX 2060 (ID=0x1e89)
    Vendor:   
    VRAM:     5968 MB
    Driver:   30.0.15.1109
Initialize mono
Mono path[0] = 'C:/Program Files/Unity/Hub/Editor/2020.3.33f1/Editor/Data/Managed'
Mono path[1] = 'C:/Program Files/Unity/Hub/Editor/2020.3.33f1/Editor/Data/MonoBleedingEdge/lib/mono/unityjit'
Mono config path = 'C:/Program Files/Unity/Hub/Editor/2020.3.33f1/Editor/Data/MonoBleedingEdge/etc'
Using monoOptions --debugger-agent=transport=dt_socket,embedding=1,server=y,suspend=n,address=127.0.0.1:56456
Begin MonoManager ReloadAssembly
Registering precompiled unity dll's ...
Register platform support module: C:/Program Files/Unity/Hub/Editor/2020.3.33f1/Editor/Data/PlaybackEngines/WindowsStandaloneSupport/UnityEditor.WindowsStandalone.Extensions.dll
Registered in 0.001461 seconds.
Native extension for WindowsStandalone target not found
Refreshing native plugins compatible for Editor in 24.36 ms, found 2 plugins.
Preloading 0 native plugins for Editor in 0.00 ms.
Mono: successfully reloaded assembly
- Completed reload, in  0.452 seconds
Domain Reload Profiling:
	ReloadAssembly (452ms)
		BeginReloadAssembly (54ms)
			ExecutionOrderSort (0ms)
			DisableScriptedObjects (0ms)
			BackupInstance (0ms)
			ReleaseScriptingObjects (0ms)
			CreateAndSetChildDomain (1ms)
		EndReloadAssembly (344ms)
			LoadAssemblies (52ms)
			RebuildTransferFunctionScriptingTraits (0ms)
			SetupTypeCache (112ms)
			ReleaseScriptCaches (0ms)
			RebuildScriptCaches (24ms)
			SetupLoadedEditorAssemblies (129ms)
				LogAssemblyErrors (0ms)
				InitializePlatformSupportModulesInManaged (3ms)
				SetLoadedEditorAssemblies (0ms)
				RefreshPlugins (24ms)
				BeforeProcessingInitializeOnLoad (13ms)
				ProcessInitializeOnLoadAttributes (66ms)
				ProcessInitializeOnLoadMethodAttributes (22ms)
				AfterProcessingInitializeOnLoad (0ms)
				EditorAssembliesLoaded (0ms)
			ExecutionOrderSort2 (0ms)
			AwakeInstancesAfterBackupRestoration (0ms)
Platform modules already initialized, skipping
Registering precompiled user dll's ...
Registered in 0.001699 seconds.
Begin MonoManager ReloadAssembly
Symbol file LoadedFromMemory doesn't match image D:\URJC\TERCER0\2º CUATRIMESTRE\Animacion3D\Cloth-Behaviour-Simulation\ClothPhysics\Library\PackageCache\com.unity.collab-proxy@1.15.15\Lib\Editor\PlasticSCM\unityplastic.dll
Native extension for WindowsStandalone target not found
Refreshing native plugins compatible for Editor in 0.25 ms, found 2 plugins.
Preloading 0 native plugins for Editor in 0.00 ms.
DisplayProgressbar: Restoring NuGet Packages
Mono: successfully reloaded assembly
- Completed reload, in  0.969 seconds
Domain Reload Profiling:
	ReloadAssembly (969ms)
		BeginReloadAssembly (118ms)
			ExecutionOrderSort (0ms)
			DisableScriptedObjects (4ms)
			BackupInstance (0ms)
			ReleaseScriptingObjects (0ms)
			CreateAndSetChildDomain (14ms)
		EndReloadAssembly (805ms)
			LoadAssemblies (75ms)
			RebuildTransferFunctionScriptingTraits (0ms)
			SetupTypeCache (225ms)
			ReleaseScriptCaches (0ms)
			RebuildScriptCaches (32ms)
			SetupLoadedEditorAssemblies (412ms)
				LogAssemblyErrors (0ms)
				InitializePlatformSupportModulesInManaged (4ms)
				SetLoadedEditorAssemblies (0ms)
				RefreshPlugins (0ms)
				BeforeProcessingInitializeOnLoad (59ms)
				ProcessInitializeOnLoadAttributes (337ms)
				ProcessInitializeOnLoadMethodAttributes (7ms)
				AfterProcessingInitializeOnLoad (5ms)
				EditorAssembliesLoaded (0ms)
			ExecutionOrderSort2 (0ms)
			AwakeInstancesAfterBackupRestoration (5ms)
Platform modules already initialized, skipping
========================================================================
Worker process is ready to serve import requests
Launched and connected shader compiler UnityShaderCompiler.exe after 0.05 seconds
Refreshing native plugins compatible for Editor in 0.26 ms, found 2 plugins.
Preloading 0 native plugins for Editor in 0.00 ms.
Unloading 1515 Unused Serialized files (Serialized files now loaded: 0)
System memory in use before: 70.0 MB.
System memory in use after: 70.1 MB.

Unloading 20 unused Assets to reduce memory usage. Loaded Objects now: 1950.
Total: 1.967400 ms (FindLiveObjects: 0.102700 ms CreateObjectMapping: 0.049100 ms MarkObjects: 1.769000 ms  DeleteObjects: 0.046100 ms)

AssetImportParameters requested are different than current active one (requested -> active):
  custom:framework-win-MediaFoundation: 216162199b28c13a410421893ffa2e32 -> 
  custom:video-decoder-ogg-theora: a1e56fd34408186e4bbccfd4996cb3dc -> 
  custom:container-muxer-webm: aa71ff27fc2769a1b78a27578f13a17b -> 
  custom:container-demuxer-webm: 4f35f7cbe854078d1ac9338744f61a02 -> 
  custom:container-demuxer-ogg: 62fdf1f143b41e24485cea50d1cbac27 -> 
  custom:video-encoder-webm-vp8: eb34c28f22e8b96e1ab97ce403110664 -> 
  custom:video-decoder-webm-vp8: 9c59270c3fd7afecdb556c50c9e8de78 -> 
  custom:audio-decoder-ogg-vorbis: bf7c407c2cedff20999df2af8eb42d56 -> 
  custom:audio-encoder-webm-vorbis: bf7c407c2cedff20999df2af8eb42d56 -> 
========================================================================
Received Import Request.
  path: Assets/Packages/MathNet.Numerics.5.0.0
  artifactKey: Guid(408a0eea3d700984c9d84600bef5f6ae) Importer(815301076,1909f56bfc062723c751e8b465ee728b)
Start importing Assets/Packages/MathNet.Numerics.5.0.0 using Guid(408a0eea3d700984c9d84600bef5f6ae) Importer(815301076,1909f56bfc062723c751e8b465ee728b)  -> (artifact id: 'e50905bd78e70cf79c5182d8704f2b16') in 0.008079 seconds 
========================================================================
Received Import Request.
  Time since last request: 0.001232 seconds.
  path: Assets/Scripts/ClothBehaviour.cs
  artifactKey: Guid(64ea09637adbe6041bed55d9f421aca4) Importer(815301076,1909f56bfc062723c751e8b465ee728b)
Start importing Assets/Scripts/ClothBehaviour.cs using Guid(64ea09637adbe6041bed55d9f421aca4) Importer(815301076,1909f56bfc062723c751e8b465ee728b)  -> (artifact id: 'b9118df3c5ad3f0956f8233e8a87e6ed') in 0.018416 seconds 
========================================================================
Received Import Request.
  Time since last request: 0.043572 seconds.
  path: Assets/NuGet
  artifactKey: Guid(217cb7caed5f7fb49b339428b1d80974) Importer(815301076,1909f56bfc062723c751e8b465ee728b)
Start importing Assets/NuGet using Guid(217cb7caed5f7fb49b339428b1d80974) Importer(815301076,1909f56bfc062723c751e8b465ee728b)  -> (artifact id: '9a4a6931c38724e3135a693db1c2d0eb') in 0.005610 seconds 
========================================================================
Received Import Request.
  Time since last request: 0.001995 seconds.
  path: Assets/NuGet/Editor
  artifactKey: Guid(b3fad56c531ac5a4db190a745f589a8e) Importer(815301076,1909f56bfc062723c751e8b465ee728b)
Start importing Assets/NuGet/Editor using Guid(b3fad56c531ac5a4db190a745f589a8e) Importer(815301076,1909f56bfc062723c751e8b465ee728b)  -> (artifact id: '467a56019e5282c811667d2b419685a4') in 0.021559 seconds 
========================================================================
Received Import Request.
  Time since last request: 0.002131 seconds.
  path: Assets/NuGet/Resources
  artifactKey: Guid(1738075a39a390447b7a620ca6962142) Importer(815301076,1909f56bfc062723c751e8b465ee728b)
Start importing Assets/NuGet/Resources using Guid(1738075a39a390447b7a620ca6962142) Importer(815301076,1909f56bfc062723c751e8b465ee728b)  -> (artifact id: '9816be61d99719e8e953d4642c238554') in 0.003631 seconds 
========================================================================
Received Import Request.
  Time since last request: 0.003815 seconds.
  path: Assets/Packages/MathNet.Numerics.5.0.0/lib/netstandard2.0/MathNet.Numerics.dll
  artifactKey: Guid(abd3d60072795464da2c23ca00ac8089) Importer(815301076,1909f56bfc062723c751e8b465ee728b)
Start importing Assets/Packages/MathNet.Numerics.5.0.0/lib/netstandard2.0/MathNet.Numerics.dll using Guid(abd3d60072795464da2c23ca00ac8089) Importer(815301076,1909f56bfc062723c751e8b465ee728b)  -> (artifact id: '213130be156018205f052ade841f9797') in 0.006063 seconds 
========================================================================
Received Import Request.
  Time since last request: 0.003185 seconds.
  path: Assets/Scripts/Editor/ClothBehaviorEditor.cs
  artifactKey: Guid(7249c0d781eb0f740b0ceeaebd41cda2) Importer(815301076,1909f56bfc062723c751e8b465ee728b)
Start importing Assets/Scripts/Editor/ClothBehaviorEditor.cs using Guid(7249c0d781eb0f740b0ceeaebd41cda2) Importer(815301076,1909f56bfc062723c751e8b465ee728b)  -> (artifact id: '1db8fe56df0912d96fa50814cacc3e5d') in 0.003649 seconds 
========================================================================
Received Import Request.
  Time since last request: 0.014262 seconds.
  path: Assets/Packages/MathNet.Numerics.5.0.0/MathNet.Numerics.5.0.0.nupkg
  artifactKey: Guid(c13acb72eaed1864f9332e5c670e1222) Importer(815301076,1909f56bfc062723c751e8b465ee728b)
Start importing Assets/Packages/MathNet.Numerics.5.0.0/MathNet.Numerics.5.0.0.nupkg using Guid(c13acb72eaed1864f9332e5c670e1222) Importer(815301076,1909f56bfc062723c751e8b465ee728b)  -> (artifact id: 'cbedf10c0f8a80238f57321488b99c98') in 0.009608 seconds 
========================================================================
Received Import Request.
  Time since last request: 0.014012 seconds.
  path: Assets/Scenes/SampleScene.unity
  artifactKey: Guid(9fc0d4010bbf28b4594072e72b8655ab) Importer(815301076,1909f56bfc062723c751e8b465ee728b)
Start importing Assets/Scenes/SampleScene.unity using Guid(9fc0d4010bbf28b4594072e72b8655ab) Importer(815301076,1909f56bfc062723c751e8b465ee728b)  -> (artifact id: 'b6e1925b80b098a50699bf133fbb9d3a') in 0.003678 seconds 
========================================================================
Received Import Request.
  Time since last request: 0.002166 seconds.
  path: Assets/Packages/MathNet.Numerics.5.0.0/lib/netstandard2.0
  artifactKey: Guid(ddd52612eefe9294e8143bb6d1fa2332) Importer(815301076,1909f56bfc062723c751e8b465ee728b)
Start importing Assets/Packages/MathNet.Numerics.5.0.0/lib/netstandard2.0 using Guid(ddd52612eefe9294e8143bb6d1fa2332) Importer(815301076,1909f56bfc062723c751e8b465ee728b)  -> (artifact id: '85dbee40ffb171be601e4b7a2210da6f') in 0.003697 seconds 
========================================================================
Received Import Request.
  Time since last request: 0.003206 seconds.
  path: Assets/packages.config
  artifactKey: Guid(a93da2cb97b790a4cb415c380a2410bc) Importer(815301076,1909f56bfc062723c751e8b465ee728b)
Start importing Assets/packages.config using Guid(a93da2cb97b790a4cb415c380a2410bc) Importer(815301076,1909f56bfc062723c751e8b465ee728b)  -> (artifact id: '7dbceb90dbec6ab1b5255e625fa24659') in 0.005795 seconds 
========================================================================
Received Import Request.
  Time since last request: 0.009250 seconds.
  path: Assets/NuGet.config
  artifactKey: Guid(f269dff5c5ff5f44a84f0837dede862b) Importer(815301076,1909f56bfc062723c751e8b465ee728b)
Start importing Assets/NuGet.config using Guid(f269dff5c5ff5f44a84f0837dede862b) Importer(815301076,1909f56bfc062723c751e8b465ee728b)  -> (artifact id: 'a6ed372711c37b024926617563806461') in 0.001352 seconds 
========================================================================
Received Import Request.
  Time since last request: 0.010364 seconds.
  path: Assets/Packages/MathNet.Numerics.5.0.0/lib
  artifactKey: Guid(8fb643a59defca54bb3a4d3d9adf6532) Importer(815301076,1909f56bfc062723c751e8b465ee728b)
Start importing Assets/Packages/MathNet.Numerics.5.0.0/lib using Guid(8fb643a59defca54bb3a4d3d9adf6532) Importer(815301076,1909f56bfc062723c751e8b465ee728b)  -> (artifact id: '9479eda94bebc58761a263319b5153d9') in 0.003602 seconds 
========================================================================
Received Import Request.
  Time since last request: 0.004298 seconds.
  path: Assets/Packages/MathNet.Numerics.5.0.0/lib/netstandard2.0/MathNet.Numerics.xml
  artifactKey: Guid(d3cb22206a9cab643b519f4af1b9552b) Importer(815301076,1909f56bfc062723c751e8b465ee728b)
Start importing Assets/Packages/MathNet.Numerics.5.0.0/lib/netstandard2.0/MathNet.Numerics.xml using Guid(d3cb22206a9cab643b519f4af1b9552b) Importer(815301076,1909f56bfc062723c751e8b465ee728b)  -> (artifact id: 'df7d1d444511c3c8d838658060637bb1') in 0.201639 seconds 
========================================================================
Received Import Request.
  Time since last request: 0.011616 seconds.
  path: Assets/NuGet/README.pdf
  artifactKey: Guid(83c5d2001771f15429a88d67e81366d6) Importer(815301076,1909f56bfc062723c751e8b465ee728b)
Start importing Assets/NuGet/README.pdf using Guid(83c5d2001771f15429a88d67e81366d6) Importer(815301076,1909f56bfc062723c751e8b465ee728b)  -> (artifact id: 'b9f1ecc62edaf90ddff2223ee13b72c8') in 0.011763 seconds 
========================================================================
Received Import Request.
  Time since last request: 0.015255 seconds.
  path: Assets/NuGet/Editor/NugetForUnity.dll
  artifactKey: Guid(8dc1be91775c4bb469f6b74cef450eaa) Importer(815301076,1909f56bfc062723c751e8b465ee728b)
Start importing Assets/NuGet/Editor/NugetForUnity.dll using Guid(8dc1be91775c4bb469f6b74cef450eaa) Importer(815301076,1909f56bfc062723c751e8b465ee728b)  -> (artifact id: 'b2575ebac4d208dd94c50377089f73e7') in 0.003516 seconds 
========================================================================
Received Import Request.
  Time since last request: 0.004885 seconds.
  path: Assets/NuGet/LICENSE
  artifactKey: Guid(1d9014b99ad06af428514a5902d29ff3) Importer(815301076,1909f56bfc062723c751e8b465ee728b)
Start importing Assets/NuGet/LICENSE using Guid(1d9014b99ad06af428514a5902d29ff3) Importer(815301076,1909f56bfc062723c751e8b465ee728b)  -> (artifact id: 'f9f7eaa6f5b94c830990483cee2ca84a') in 0.003918 seconds 
========================================================================
Received Import Request.
  Time since last request: 759.423271 seconds.
  path: Assets/Scripts/ClothBehaviour.cs
  artifactKey: Guid(64ea09637adbe6041bed55d9f421aca4) Importer(815301076,1909f56bfc062723c751e8b465ee728b)
Start importing Assets/Scripts/ClothBehaviour.cs using Guid(64ea09637adbe6041bed55d9f421aca4) Importer(815301076,1909f56bfc062723c751e8b465ee728b)  -> (artifact id: '627aa55e4986a191ab30bd331e5d8dbe') in 0.001682 seconds 
========================================================================
Received Import Request.
  Time since last request: 32.143769 seconds.
  path: Assets/Scripts/ClothBehaviour.cs
  artifactKey: Guid(64ea09637adbe6041bed55d9f421aca4) Importer(815301076,1909f56bfc062723c751e8b465ee728b)
Start importing Assets/Scripts/ClothBehaviour.cs using Guid(64ea09637adbe6041bed55d9f421aca4) Importer(815301076,1909f56bfc062723c751e8b465ee728b)  -> (artifact id: 'd58130d2a1b2716f80b5b510a5dbe086') in 0.001566 seconds 
========================================================================
Received Import Request.
  Time since last request: 47.234538 seconds.
  path: Assets/Scripts/ClothBehaviour.cs
  artifactKey: Guid(64ea09637adbe6041bed55d9f421aca4) Importer(815301076,1909f56bfc062723c751e8b465ee728b)
Start importing Assets/Scripts/ClothBehaviour.cs using Guid(64ea09637adbe6041bed55d9f421aca4) Importer(815301076,1909f56bfc062723c751e8b465ee728b)  -> (artifact id: 'cbb5c5eb1e21b4309e35dcff762e397f') in 0.001374 seconds 
========================================================================
Received Import Request.
  Time since last request: 7.178974 seconds.
  path: Assets/Scripts/ClothBehaviour.cs
  artifactKey: Guid(64ea09637adbe6041bed55d9f421aca4) Importer(815301076,1909f56bfc062723c751e8b465ee728b)
Start importing Assets/Scripts/ClothBehaviour.cs using Guid(64ea09637adbe6041bed55d9f421aca4) Importer(815301076,1909f56bfc062723c751e8b465ee728b)  -> (artifact id: '9a46ea1821c89ace56d67a3e17d8e8eb') in 0.001418 seconds 
========================================================================
Received Import Request.
  Time since last request: 140.320745 seconds.
  path: Assets/Scripts/ClothBehaviour.cs
  artifactKey: Guid(64ea09637adbe6041bed55d9f421aca4) Importer(815301076,1909f56bfc062723c751e8b465ee728b)
Start importing Assets/Scripts/ClothBehaviour.cs using Guid(64ea09637adbe6041bed55d9f421aca4) Importer(815301076,1909f56bfc062723c751e8b465ee728b)  -> (artifact id: '1352bb50c41e07e16134e0a4daa7657e') in 0.001548 seconds 
========================================================================
Received Import Request.
  Time since last request: 61.075257 seconds.
  path: Assets/Scripts/ClothBehaviour.cs
  artifactKey: Guid(64ea09637adbe6041bed55d9f421aca4) Importer(815301076,1909f56bfc062723c751e8b465ee728b)
Start importing Assets/Scripts/ClothBehaviour.cs using Guid(64ea09637adbe6041bed55d9f421aca4) Importer(815301076,1909f56bfc062723c751e8b465ee728b)  -> (artifact id: '5a97f3a616a9647e8a3a2e5416b2dacc') in 0.001443 seconds 
========================================================================
Received Import Request.
  Time since last request: 26.916698 seconds.
  path: Assets/Scripts/ClothBehaviour.cs
  artifactKey: Guid(64ea09637adbe6041bed55d9f421aca4) Importer(815301076,1909f56bfc062723c751e8b465ee728b)
Start importing Assets/Scripts/ClothBehaviour.cs using Guid(64ea09637adbe6041bed55d9f421aca4) Importer(815301076,1909f56bfc062723c751e8b465ee728b)  -> (artifact id: 'c20c81b37d03cc6e76c032ce7190ae8e') in 0.001388 seconds 
========================================================================
Received Prepare
Registering precompiled user dll's ...
Registered in 0.001640 seconds.
Begin MonoManager ReloadAssembly
Symbol file LoadedFromMemory doesn't match image D:\URJC\TERCER0\2º CUATRIMESTRE\Animacion3D\Cloth-Behaviour-Simulation\ClothPhysics\Library\PackageCache\com.unity.collab-proxy@1.15.15\Lib\Editor\PlasticSCM\unityplastic.dll
Native extension for WindowsStandalone target not found
Refreshing native plugins compatible for Editor in 0.27 ms, found 2 plugins.
Preloading 0 native plugins for Editor in 0.00 ms.
Mono: successfully reloaded assembly
- Completed reload, in  0.772 seconds
Domain Reload Profiling:
	ReloadAssembly (772ms)
		BeginReloadAssembly (96ms)
			ExecutionOrderSort (0ms)
			DisableScriptedObjects (4ms)
			BackupInstance (0ms)
			ReleaseScriptingObjects (0ms)
			CreateAndSetChildDomain (26ms)
		EndReloadAssembly (628ms)
			LoadAssemblies (76ms)
			RebuildTransferFunctionScriptingTraits (0ms)
			SetupTypeCache (236ms)
			ReleaseScriptCaches (1ms)
			RebuildScriptCaches (30ms)
			SetupLoadedEditorAssemblies (221ms)
				LogAssemblyErrors (0ms)
				InitializePlatformSupportModulesInManaged (4ms)
				SetLoadedEditorAssemblies (0ms)
				RefreshPlugins (0ms)
				BeforeProcessingInitializeOnLoad (56ms)
				ProcessInitializeOnLoadAttributes (149ms)
				ProcessInitializeOnLoadMethodAttributes (7ms)
				AfterProcessingInitializeOnLoad (5ms)
				EditorAssembliesLoaded (0ms)
			ExecutionOrderSort2 (0ms)
			AwakeInstancesAfterBackupRestoration (5ms)
Platform modules already initialized, skipping
Refreshing native plugins compatible for Editor in 0.28 ms, found 2 plugins.
Preloading 0 native plugins for Editor in 0.00 ms.
Unloading 1508 Unused Serialized files (Serialized files now loaded: 0)
System memory in use before: 69.8 MB.
System memory in use after: 69.9 MB.

Unloading 15 unused Assets to reduce memory usage. Loaded Objects now: 1953.
Total: 1.980500 ms (FindLiveObjects: 0.093000 ms CreateObjectMapping: 0.040300 ms MarkObjects: 1.830800 ms  DeleteObjects: 0.015900 ms)

AssetImportParameters requested are different than current active one (requested -> active):
  custom:framework-win-MediaFoundation: 216162199b28c13a410421893ffa2e32 -> 
  custom:video-decoder-ogg-theora: a1e56fd34408186e4bbccfd4996cb3dc -> 
  custom:container-muxer-webm: aa71ff27fc2769a1b78a27578f13a17b -> 
  custom:container-demuxer-webm: 4f35f7cbe854078d1ac9338744f61a02 -> 
  custom:container-demuxer-ogg: 62fdf1f143b41e24485cea50d1cbac27 -> 
  custom:video-encoder-webm-vp8: eb34c28f22e8b96e1ab97ce403110664 -> 
  custom:video-decoder-webm-vp8: 9c59270c3fd7afecdb556c50c9e8de78 -> 
  custom:audio-decoder-ogg-vorbis: bf7c407c2cedff20999df2af8eb42d56 -> 
  custom:audio-encoder-webm-vorbis: bf7c407c2cedff20999df2af8eb42d56 -> 
AssetImportWorkerClient::OnTransportError - code=2 error=End of file
